2021-05-09 12:25:33.4514|0|DEBUG|Working.Program|init main |url: |action: |
2021-05-09 12:25:47.2830|0|INFO|Microsoft.Hosting.Lifetime|Application started. Press Ctrl+C to shut down. |url: |action: |
2021-05-09 12:25:47.3604|0|INFO|Microsoft.Hosting.Lifetime|Hosting environment: Development |url: |action: |
2021-05-09 12:25:47.3803|0|INFO|Microsoft.Hosting.Lifetime|Content root path: F:\参与的项目\Working |url: |action: |
2021-05-09 12:25:55.2966|0|INFO|Working.Controllers.HomeController|这是HomeControl的Index Action |url: http://localhost/|action: Index|
2021-05-09 12:25:58.5108|0|INFO|Working.Controllers.HomeController|supper登出 |url: http://localhost/logout|action: Logout|
2021-05-09 12:26:01.4451|0|INFO|Working.Controllers.HomeController|这是HomeControl的Index Action |url: http://localhost/|action: Index|
2021-05-09 12:26:33.1219|0|FATAL|Working.Controllers.HomeController|修改密码：the obj entity with no KeyAttribute Propertity Sikiro.Dapper.Extension.Exception.DapperExtensionException: the obj entity with no KeyAttribute Propertity
   at Sikiro.Dapper.Extension.Extension.ReflectExtension.GetKeyPropertity(Object obj)
   at Sikiro.Dapper.Extension.Expressions.UpdateEntityWhereExpression.Resolve()
   at Sikiro.Dapper.Extension.MySql.ResolveExpression.ResolveWhere(Object obj)
   at Sikiro.Dapper.Extension.MySql.MySqlProvider.FormatUpdate[T](T entity)
   at Sikiro.Dapper.Extension.Core.SetC.Command`1.Update(T entity)
   at Repository.UserRepository.UpdateUser(Users users) in F:\参与的项目\Repository\UserRepository.cs:line 105
   at Service.UsersService.ModifyPassword(String newPassword, String oldPassword, Int32 userID) in F:\参与的项目\Service\UsersService.cs:line 86
   at Working.Controllers.HomeController.ModifyPassword(String oldPassword, String newPassword) in F:\参与的项目\Working\Controllers\HomeController.cs:line 134|url: http://localhost/modifypassword|action: ModifyPassword|
2021-05-09 12:27:39.5181|0|DEBUG|Working.Program|init main |url: |action: |
2021-05-09 12:27:46.1153|0|INFO|Microsoft.Hosting.Lifetime|Application started. Press Ctrl+C to shut down. |url: |action: |
2021-05-09 12:27:46.1490|0|INFO|Microsoft.Hosting.Lifetime|Hosting environment: Development |url: |action: |
2021-05-09 12:27:46.1780|0|INFO|Microsoft.Hosting.Lifetime|Content root path: F:\参与的项目\Working |url: |action: |
2021-05-09 12:27:50.8029|0|INFO|Working.Controllers.HomeController|这是HomeControl的Index Action |url: http://localhost/|action: Index|
2021-05-09 12:29:27.0715|0|DEBUG|Working.Program|init main |url: |action: |
2021-05-09 12:29:34.2968|0|INFO|Microsoft.Hosting.Lifetime|Application started. Press Ctrl+C to shut down. |url: |action: |
2021-05-09 12:29:34.3447|0|INFO|Microsoft.Hosting.Lifetime|Hosting environment: Development |url: |action: |
2021-05-09 12:29:34.3876|0|INFO|Microsoft.Hosting.Lifetime|Content root path: F:\参与的项目\Working |url: |action: |
2021-05-09 12:30:28.3002|0|INFO|Working.Controllers.HomeController|这是HomeControl的Index Action |url: http://localhost/|action: Index|
2021-05-09 12:30:43.0891|0|INFO|Working.Controllers.HomeController|修改密码:修改密码成功 |url: http://localhost/modifypassword|action: ModifyPassword|
2021-05-09 12:30:49.1305|0|INFO|Working.Controllers.HomeController|这是HomeControl的Index Action |url: http://localhost/|action: Index|
2021-05-09 12:31:17.4723|0|INFO|Working.Controllers.HomeController|supper登出 |url: http://localhost/logout|action: Logout|
2021-05-09 12:31:25.2404|0|INFO|Working.Controllers.HomeController|这是HomeControl的Index Action |url: http://localhost/|action: Index|
2021-05-09 12:32:50.8835|0|INFO|Working.Controllers.HomeController|修改密码:修改密码成功 |url: http://localhost/modifypassword|action: ModifyPassword|
2021-05-09 12:33:05.0664|0|INFO|Working.Controllers.HomeController|这是HomeControl的Index Action |url: http://localhost/|action: Index|
2021-05-09 12:33:20.9198|0|FATAL|Working.Controllers.HomeController|修改密码：修改密码:修改密码失败:旧密码不正确 System.Exception: 修改密码:修改密码失败:旧密码不正确
   at Service.UsersService.ModifyPassword(String newPassword, String oldPassword, Int32 userID)
   at Working.Controllers.HomeController.ModifyPassword(String oldPassword, String newPassword) in F:\参与的项目\Working\Controllers\HomeController.cs:line 134|url: http://localhost/modifypassword|action: ModifyPassword|
2021-05-09 12:33:25.9101|0|INFO|Working.Controllers.HomeController|修改密码:修改密码成功 |url: http://localhost/modifypassword|action: ModifyPassword|
2021-05-09 12:33:30.6874|0|INFO|Working.Controllers.HomeController|这是HomeControl的Index Action |url: http://localhost/|action: Index|
2021-05-09 12:33:38.7077|0|INFO|Working.Controllers.HomeController|supper登出 |url: http://localhost/logout|action: Logout|
2021-05-09 12:33:40.4447|0|INFO|Working.Controllers.HomeController|这是HomeControl的Index Action |url: http://localhost/|action: Index|
2021-05-09 12:33:50.3138|0|INFO|Working.Controllers.HomeController|获取全部部门 |url: http://localhost/Departments/getalldepartment|action: GetAllDepartments|
2021-05-09 12:33:50.3737|0|INFO|Working.Controllers.HomeController|获取全部部门 |url: http://localhost/Departments/getalldepartment|action: GetAllDepartments|
2021-05-09 12:34:00.8225|0|INFO|Working.Controllers.HomeController|这是HomeControl的Index Action |url: http://localhost/|action: Index|
2021-05-09 12:37:09.1545|0|DEBUG|Working.Program|init main |url: |action: |
2021-05-09 12:37:15.7678|0|INFO|Microsoft.Hosting.Lifetime|Application started. Press Ctrl+C to shut down. |url: |action: |
2021-05-09 12:37:15.8166|0|INFO|Microsoft.Hosting.Lifetime|Hosting environment: Development |url: |action: |
2021-05-09 12:37:15.8401|0|INFO|Microsoft.Hosting.Lifetime|Content root path: F:\参与的项目\Working |url: |action: |
2021-05-09 12:37:21.4018|0|INFO|Working.Controllers.HomeController|这是HomeControl的Index Action |url: http://localhost/|action: Index|
2021-05-09 12:40:49.0766|0|DEBUG|Working.Program|init main |url: |action: |
2021-05-09 12:40:56.5539|0|INFO|Microsoft.Hosting.Lifetime|Application started. Press Ctrl+C to shut down. |url: |action: |
2021-05-09 12:40:56.5899|0|INFO|Microsoft.Hosting.Lifetime|Hosting environment: Development |url: |action: |
2021-05-09 12:40:56.6260|0|INFO|Microsoft.Hosting.Lifetime|Content root path: F:\参与的项目\Working |url: |action: |
2021-05-09 12:41:02.0550|0|INFO|Working.Controllers.HomeController|这是HomeControl的Index Action |url: http://localhost/|action: Index|
2021-05-09 12:41:05.2917|0|INFO|Working.Controllers.HomeController|获取全部部门 |url: http://localhost/Departments/getalldepartment|action: GetAllDepartments|
2021-05-09 12:46:16.9424|0|INFO|Working.Controllers.HomeController|获取全部部门 |url: http://localhost/Departments/getalldepartment|action: GetAllDepartments|
2021-05-09 13:04:38.4744|0|DEBUG|Working.Program|init main |url: |action: |
2021-05-09 13:04:45.9417|0|INFO|Microsoft.Hosting.Lifetime|Application started. Press Ctrl+C to shut down. |url: |action: |
2021-05-09 13:04:45.9817|0|INFO|Microsoft.Hosting.Lifetime|Hosting environment: Development |url: |action: |
2021-05-09 13:04:46.0156|0|INFO|Microsoft.Hosting.Lifetime|Content root path: F:\参与的项目\Working |url: |action: |
2021-05-09 13:04:51.9444|0|INFO|Working.Controllers.HomeController|这是HomeControl的Index Action |url: http://localhost/|action: Index|
2021-05-09 13:04:55.2035|0|INFO|Working.Controllers.HomeController|获取全部部门 |url: http://localhost/Departments/getalldepartment|action: GetAllDepartments|
2021-05-09 13:06:56.3266|0|INFO|Working.Controllers.HomeController|获取全部部门 |url: http://localhost/Departments/getalldepartment|action: GetAllDepartments|
2021-05-09 14:15:38.5819|0|DEBUG|Working.Program|init main |url: |action: |
2021-05-09 14:15:45.3179|0|DEBUG|Working.Program|init main |url: |action: |
2021-05-09 14:15:55.6811|0|INFO|Microsoft.Hosting.Lifetime|Application started. Press Ctrl+C to shut down. |url: |action: |
2021-05-09 14:15:55.7171|0|INFO|Microsoft.Hosting.Lifetime|Hosting environment: Development |url: |action: |
2021-05-09 14:15:55.7336|0|INFO|Microsoft.Hosting.Lifetime|Content root path: F:\参与的项目\Working |url: |action: |
2021-05-09 14:15:56.4898|0|INFO|Working.Controllers.HomeController|supper登出 |url: http://localhost/logout|action: Logout|
2021-05-09 14:16:15.2510|0|DEBUG|Working.Program|init main |url: |action: |
2021-05-09 14:16:22.7997|0|INFO|Microsoft.Hosting.Lifetime|Application started. Press Ctrl+C to shut down. |url: |action: |
2021-05-09 14:16:22.8393|0|INFO|Microsoft.Hosting.Lifetime|Hosting environment: Development |url: |action: |
2021-05-09 14:16:22.8795|0|INFO|Microsoft.Hosting.Lifetime|Content root path: F:\参与的项目\Working |url: |action: |
2021-05-09 14:16:27.9047|0|INFO|Working.Controllers.HomeController|这是HomeControl的Index Action |url: http://localhost/|action: Index|
2021-05-09 14:17:07.5789|0|INFO|Working.Controllers.HomeController|supper登出 |url: http://localhost/logout|action: Logout|
2021-05-09 14:17:24.2819|0|INFO|Working.Controllers.HomeController|这是HomeControl的Index Action |url: http://localhost/|action: Index|
2021-05-09 14:17:38.1879|0|INFO|Working.Controllers.HomeController|admin登出 |url: http://localhost/logout|action: Logout|
2021-05-09 14:17:48.6817|0|INFO|Working.Controllers.HomeController|这是HomeControl的Index Action |url: http://localhost/|action: Index|
2021-05-09 14:31:11.9649|0|DEBUG|Working.Program|init main |url: |action: |
2021-05-09 14:31:18.0956|0|INFO|Microsoft.Hosting.Lifetime|Application started. Press Ctrl+C to shut down. |url: |action: |
2021-05-09 14:31:18.1346|0|INFO|Microsoft.Hosting.Lifetime|Hosting environment: Development |url: |action: |
2021-05-09 14:31:18.1694|0|INFO|Microsoft.Hosting.Lifetime|Content root path: F:\参与的项目\Working |url: |action: |
2021-05-09 14:31:35.7981|0|INFO|Working.Controllers.HomeController|这是HomeControl的Index Action |url: http://localhost/|action: Index|
2021-05-09 14:31:39.8039|0|INFO|Working.Controllers.HomeController|leader登出 |url: http://localhost/logout|action: Logout|
